<?xml version="1.0" encoding="UTF-8"?>
<!-- Generated by org.testng.reporters.JUnitReportReporter -->
<testsuite skipped="0" hostname="adekunle" name="next.com_TestCases.HomePage_contents" tests="1" failures="0" timestamp="28 Jul 2018 13:09:46 GMT" time="16.316" errors="0">
  <testcase name="SetUp" time="16.316" classname="next.com_TestCases.HomePage_contents"/>
</testsuite> <!-- next.com_TestCases.HomePage_contents -->
